[2026-06-03T09:51:52.870Z] ◇ injected env (0) from .env // tip: ◈ encrypted .env [www.dotenvx.com]
[2026-06-03T09:51:52.898Z] Database connected successfully
[2026-06-03T09:51:52.904Z] 🚀 Server running on port 3000
[2026-06-03T11:23:52.073Z] ◇ injected env (0) from .env [2m// tip: ⌘ override existing { override: true }[0m
[2026-06-03T11:23:52.102Z] Database connected successfully
[2026-06-03T11:23:52.114Z] 🚀 Server running on port 3000
[2026-06-03T11:24:57.585Z] [REQUEST] GET / - 200 - 21ms
[2026-06-03T11:25:23.641Z] [REQUEST] GET /api/hello - 200 - 3ms
[2026-06-03T11:25:32.735Z] [REQUEST] GET /api/test - 200 - 2ms
[2026-06-03T11:52:54.327Z] Database connected successfully
[2026-06-03T11:52:54.340Z] Database synced successfully
[2026-06-03T11:52:54.350Z] Server running on port 3456
[2026-06-03T11:52:54.555Z] [REQUEST] GET / - 200 - 11ms
[2026-06-03T11:52:54.751Z] SyntaxError: Expected property name or '}' in JSON at position 1 (line 1 column 2)
    at JSON.parse (<anonymous>)
    at parse (D:\Nectorflare\projects\MindWeave\MindWeave-\backend\node_modules\body-parser\lib\types\json.js:72:19)
    at D:\Nectorflare\projects\MindWeave\MindWeave-\backend\node_modules\body-parser\lib\read.js:162:18
    at AsyncResource.runInAsyncScope (node:async_hooks:211:14)
    at invokeCallback (D:\Nectorflare\projects\MindWeave\MindWeave-\backend\node_modules\raw-body\index.js:238:16)
    at done (D:\Nectorflare\projects\MindWeave\MindWeave-\backend\node_modules\raw-body\index.js:227:7)
    at IncomingMessage.onEnd (D:\Nectorflare\projects\MindWeave\MindWeave-\backend\node_modules\raw-body\index.js:287:7)
    at IncomingMessage.emit (node:events:518:28)
    at endReadableNT (node:internal/streams/readable:1698:12)
    at process.processTicksAndRejections (node:internal/process/task_queues:90:21)
[2026-06-03T11:52:54.813Z] SyntaxError: Expected property name or '}' in JSON at position 1 (line 1 column 2)
    at JSON.parse (<anonymous>)
    at parse (D:\Nectorflare\projects\MindWeave\MindWeave-\backend\node_modules\body-parser\lib\types\json.js:72:19)
    at D:\Nectorflare\projects\MindWeave\MindWeave-\backend\node_modules\body-parser\lib\read.js:162:18
    at AsyncResource.runInAsyncScope (node:async_hooks:211:14)
    at invokeCallback (D:\Nectorflare\projects\MindWeave\MindWeave-\backend\node_modules\raw-body\index.js:238:16)
    at done (D:\Nectorflare\projects\MindWeave\MindWeave-\backend\node_modules\raw-body\index.js:227:7)
    at IncomingMessage.onEnd (D:\Nectorflare\projects\MindWeave\MindWeave-\backend\node_modules\raw-body\index.js:287:7)
    at IncomingMessage.emit (node:events:518:28)
    at endReadableNT (node:internal/streams/readable:1698:12)
    at process.processTicksAndRejections (node:internal/process/task_queues:90:21)
[2026-06-03T11:52:54.838Z] SyntaxError: Expected property name or '}' in JSON at position 1 (line 1 column 2)
    at JSON.parse (<anonymous>)
    at parse (D:\Nectorflare\projects\MindWeave\MindWeave-\backend\node_modules\body-parser\lib\types\json.js:72:19)
    at D:\Nectorflare\projects\MindWeave\MindWeave-\backend\node_modules\body-parser\lib\read.js:162:18
    at AsyncResource.runInAsyncScope (node:async_hooks:211:14)
    at invokeCallback (D:\Nectorflare\projects\MindWeave\MindWeave-\backend\node_modules\raw-body\index.js:238:16)
    at done (D:\Nectorflare\projects\MindWeave\MindWeave-\backend\node_modules\raw-body\index.js:227:7)
    at IncomingMessage.onEnd (D:\Nectorflare\projects\MindWeave\MindWeave-\backend\node_modules\raw-body\index.js:287:7)
    at IncomingMessage.emit (node:events:518:28)
    at endReadableNT (node:internal/streams/readable:1698:12)
    at process.processTicksAndRejections (node:internal/process/task_queues:90:21)
[2026-06-03T11:52:54.867Z] SyntaxError: Expected property name or '}' in JSON at position 1 (line 1 column 2)
    at JSON.parse (<anonymous>)
    at parse (D:\Nectorflare\projects\MindWeave\MindWeave-\backend\node_modules\body-parser\lib\types\json.js:72:19)
    at D:\Nectorflare\projects\MindWeave\MindWeave-\backend\node_modules\body-parser\lib\read.js:162:18
    at AsyncResource.runInAsyncScope (node:async_hooks:211:14)
    at invokeCallback (D:\Nectorflare\projects\MindWeave\MindWeave-\backend\node_modules\raw-body\index.js:238:16)
    at done (D:\Nectorflare\projects\MindWeave\MindWeave-\backend\node_modules\raw-body\index.js:227:7)
    at IncomingMessage.onEnd (D:\Nectorflare\projects\MindWeave\MindWeave-\backend\node_modules\raw-body\index.js:287:7)
    at IncomingMessage.emit (node:events:518:28)
    at endReadableNT (node:internal/streams/readable:1698:12)
    at process.processTicksAndRejections (node:internal/process/task_queues:90:21)
[2026-06-03T11:53:23.671Z] Database connected successfully
[2026-06-03T11:53:23.682Z] Database synced successfully
[2026-06-03T11:53:23.693Z] Server running on port 3456
[2026-06-03T11:53:24.008Z] [REQUEST] GET / - 200 - 10ms
[2026-06-03T11:53:24.180Z] [REQUEST] POST /api/login - 400 - 1ms
[2026-06-03T11:53:24.415Z] Login error: {}
[2026-06-03T11:53:24.417Z] [REQUEST] POST /api/login - 404 - 8ms
[2026-06-03T11:53:24.525Z] Login error: {}
[2026-06-03T11:53:24.527Z] [REQUEST] POST /api/login - 400 - 103ms
[2026-06-03T11:53:24.648Z] [REQUEST] POST /api/login - 200 - 116ms
[2026-06-03T11:54:07.385Z] Database connected successfully
[2026-06-03T11:54:07.407Z] Database synced successfully
[2026-06-03T11:54:07.414Z] Server running on port 3457
[2026-06-03T11:54:07.567Z] [REQUEST] GET / - 200 - 5ms
[2026-06-03T11:54:07.766Z] [REQUEST] POST /api/login - 400 - 2ms
[2026-06-03T11:54:07.973Z] Login error: {}
[2026-06-03T11:54:07.976Z] [REQUEST] POST /api/login - 404 - 11ms
[2026-06-03T11:54:08.079Z] Login error: {}
[2026-06-03T11:54:08.081Z] [REQUEST] POST /api/login - 400 - 101ms
[2026-06-03T11:54:08.185Z] [REQUEST] POST /api/login - 200 - 98ms
