[2026-06-03T11:52:54.751Z] SyntaxError: Expected property name or '}' in JSON at position 1 (line 1 column 2)
    at JSON.parse (<anonymous>)
    at parse (D:\Nectorflare\projects\MindWeave\MindWeave-\backend\node_modules\body-parser\lib\types\json.js:72:19)
    at D:\Nectorflare\projects\MindWeave\MindWeave-\backend\node_modules\body-parser\lib\read.js:162:18
    at AsyncResource.runInAsyncScope (node:async_hooks:211:14)
    at invokeCallback (D:\Nectorflare\projects\MindWeave\MindWeave-\backend\node_modules\raw-body\index.js:238:16)
    at done (D:\Nectorflare\projects\MindWeave\MindWeave-\backend\node_modules\raw-body\index.js:227:7)
    at IncomingMessage.onEnd (D:\Nectorflare\projects\MindWeave\MindWeave-\backend\node_modules\raw-body\index.js:287:7)
    at IncomingMessage.emit (node:events:518:28)
    at endReadableNT (node:internal/streams/readable:1698:12)
    at process.processTicksAndRejections (node:internal/process/task_queues:90:21)
[2026-06-03T11:52:54.813Z] SyntaxError: Expected property name or '}' in JSON at position 1 (line 1 column 2)
    at JSON.parse (<anonymous>)
    at parse (D:\Nectorflare\projects\MindWeave\MindWeave-\backend\node_modules\body-parser\lib\types\json.js:72:19)
    at D:\Nectorflare\projects\MindWeave\MindWeave-\backend\node_modules\body-parser\lib\read.js:162:18
    at AsyncResource.runInAsyncScope (node:async_hooks:211:14)
    at invokeCallback (D:\Nectorflare\projects\MindWeave\MindWeave-\backend\node_modules\raw-body\index.js:238:16)
    at done (D:\Nectorflare\projects\MindWeave\MindWeave-\backend\node_modules\raw-body\index.js:227:7)
    at IncomingMessage.onEnd (D:\Nectorflare\projects\MindWeave\MindWeave-\backend\node_modules\raw-body\index.js:287:7)
    at IncomingMessage.emit (node:events:518:28)
    at endReadableNT (node:internal/streams/readable:1698:12)
    at process.processTicksAndRejections (node:internal/process/task_queues:90:21)
[2026-06-03T11:52:54.838Z] SyntaxError: Expected property name or '}' in JSON at position 1 (line 1 column 2)
    at JSON.parse (<anonymous>)
    at parse (D:\Nectorflare\projects\MindWeave\MindWeave-\backend\node_modules\body-parser\lib\types\json.js:72:19)
    at D:\Nectorflare\projects\MindWeave\MindWeave-\backend\node_modules\body-parser\lib\read.js:162:18
    at AsyncResource.runInAsyncScope (node:async_hooks:211:14)
    at invokeCallback (D:\Nectorflare\projects\MindWeave\MindWeave-\backend\node_modules\raw-body\index.js:238:16)
    at done (D:\Nectorflare\projects\MindWeave\MindWeave-\backend\node_modules\raw-body\index.js:227:7)
    at IncomingMessage.onEnd (D:\Nectorflare\projects\MindWeave\MindWeave-\backend\node_modules\raw-body\index.js:287:7)
    at IncomingMessage.emit (node:events:518:28)
    at endReadableNT (node:internal/streams/readable:1698:12)
    at process.processTicksAndRejections (node:internal/process/task_queues:90:21)
[2026-06-03T11:52:54.867Z] SyntaxError: Expected property name or '}' in JSON at position 1 (line 1 column 2)
    at JSON.parse (<anonymous>)
    at parse (D:\Nectorflare\projects\MindWeave\MindWeave-\backend\node_modules\body-parser\lib\types\json.js:72:19)
    at D:\Nectorflare\projects\MindWeave\MindWeave-\backend\node_modules\body-parser\lib\read.js:162:18
    at AsyncResource.runInAsyncScope (node:async_hooks:211:14)
    at invokeCallback (D:\Nectorflare\projects\MindWeave\MindWeave-\backend\node_modules\raw-body\index.js:238:16)
    at done (D:\Nectorflare\projects\MindWeave\MindWeave-\backend\node_modules\raw-body\index.js:227:7)
    at IncomingMessage.onEnd (D:\Nectorflare\projects\MindWeave\MindWeave-\backend\node_modules\raw-body\index.js:287:7)
    at IncomingMessage.emit (node:events:518:28)
    at endReadableNT (node:internal/streams/readable:1698:12)
    at process.processTicksAndRejections (node:internal/process/task_queues:90:21)
[2026-06-03T11:53:24.415Z] Login error: {}
[2026-06-03T11:53:24.525Z] Login error: {}
[2026-06-03T11:54:07.973Z] Login error: {}
[2026-06-03T11:54:08.079Z] Login error: {}
