[2026-06-03T11:24:57.584Z] GET / - 200 - 21ms - 32 bytes - IP: ::1 - HTTP://localhost:3000 - UA: Mozilla/5.0 (Windows NT 10.0; Win64; x64) AppleWeb... body: 
[2026-06-03T11:25:23.641Z] GET /api/hello - 200 - 3ms - 40 bytes - IP: ::1 - HTTP://localhost:3000 - UA: Mozilla/5.0 (Windows NT 10.0; Win64; x64) AppleWeb... body: 
[2026-06-03T11:25:32.735Z] GET /api/test - 200 - 2ms - 36 bytes - IP: ::1 - HTTP://localhost:3000 - UA: Mozilla/5.0 (Windows NT 10.0; Win64; x64) AppleWeb... body: 
[2026-06-03T11:52:54.555Z] GET / - 200 - 11ms - 32 bytes - IP: ::1 - HTTP://localhost:3456 - UA: Mozilla/5.0 (Windows NT; Windows NT 10.0; en-US) W... body: 
[2026-06-03T11:53:24.008Z] GET / - 200 - 10ms - 32 bytes - IP: ::1 - HTTP://localhost:3456 - UA: Mozilla/5.0 (Windows NT; Windows NT 10.0; en-US) W... body: 
[2026-06-03T11:53:24.180Z] POST /api/login - 400 - 1ms - 45 bytes - IP: ::1 - HTTP://localhost:3456 - UA: Mozilla/5.0 (Windows NT; Windows NT 10.0; en-US) W... body: {
  "email": "login-test@example.com"
}
[2026-06-03T11:53:24.417Z] POST /api/login - 404 - 8ms - 28 bytes - IP: ::1 - HTTP://localhost:3456 - UA: Mozilla/5.0 (Windows NT; Windows NT 10.0; en-US) W... body: {
  "password": "Password123",
  "email": "unknown@example.com"
}
[2026-06-03T11:53:24.526Z] POST /api/login - 400 - 103ms - 32 bytes - IP: ::1 - HTTP://localhost:3456 - UA: Mozilla/5.0 (Windows NT; Windows NT 10.0; en-US) W... body: {
  "password": "bad-password",
  "email": "login-test@example.com"
}
[2026-06-03T11:53:24.648Z] POST /api/login - 200 - 116ms - 199 bytes - IP: ::1 - HTTP://localhost:3456 - UA: Mozilla/5.0 (Windows NT; Windows NT 10.0; en-US) W... body: {
  "password": "Password123",
  "email": "login-test@example.com"
}
[2026-06-03T11:54:07.567Z] GET / - 200 - 5ms - 32 bytes - IP: ::1 - HTTP://localhost:3457 - UA: Mozilla/5.0 (Windows NT; Windows NT 10.0; en-US) W... body: 
[2026-06-03T11:54:07.765Z] POST /api/login - 400 - 2ms - 45 bytes - IP: ::1 - HTTP://localhost:3457 - UA: Mozilla/5.0 (Windows NT; Windows NT 10.0; en-US) W... body: {
  "email": "login-test@example.com"
}
[2026-06-03T11:54:07.976Z] POST /api/login - 404 - 11ms - 28 bytes - IP: ::1 - HTTP://localhost:3457 - UA: Mozilla/5.0 (Windows NT; Windows NT 10.0; en-US) W... body: {
  "password": "Password123",
  "email": "unknown@example.com"
}
[2026-06-03T11:54:08.081Z] POST /api/login - 400 - 101ms - 32 bytes - IP: ::1 - HTTP://localhost:3457 - UA: Mozilla/5.0 (Windows NT; Windows NT 10.0; en-US) W... body: {
  "password": "bad-password",
  "email": "login-test@example.com"
}
[2026-06-03T11:54:08.185Z] POST /api/login - 200 - 98ms - 199 bytes - IP: ::1 - HTTP://localhost:3457 - UA: Mozilla/5.0 (Windows NT; Windows NT 10.0; en-US) W... body: {
  "password": "Password123",
  "email": "login-test@example.com"
}
